# JRE version: OpenJDK Runtime Environment (8.0_242-b01) (build 1.8.0_242-release-1644-b01)
# Java VM: OpenJDK 64-Bit Server VM (25.242-b01 mixed mode windows-amd64 compressed oops)
Heap:
 PSYoungGen      total 485888K, used 232243K [0x00000000d5580000, 0x00000000fbe00000, 0x0000000100000000)
  eden space 412160K, 53% used [0x00000000d5580000,0x00000000e2c75810,0x00000000ee800000)
  from space 73728K, 16% used [0x00000000ee800000,0x00000000ef3d7518,0x00000000f3000000)
  to   space 75264K, 0% used [0x00000000f7480000,0x00000000f7480000,0x00000000fbe00000)
 ParOldGen       total 320512K, used 263603K [0x0000000080000000, 0x0000000093900000, 0x00000000d5580000)
  object space 320512K, 82% used [0x0000000080000000,0x000000009016cf90,0x0000000093900000)
 Metaspace       used 124772K, capacity 134888K, committed 135000K, reserved 1167360K
  class space    used 15936K, capacity 17713K, committed 17792K, reserved 1048576K
GC Heap History (10 events):
Event: 6902.461 GC heap before
{Heap before GC invocations=58 (full 5):
 PSYoungGen      total 428032K, used 407218K [0x00000000d5580000, 0x00000000f4f00000, 0x0000000100000000)
  eden space 371200K, 100% used [0x00000000d5580000,0x00000000ec000000,0x00000000ec000000)
  from space 56832K, 63% used [0x00000000f1780000,0x00000000f3aacb40,0x00000000f4f00000)
  to   space 73216K, 0% used [0x00000000ec000000,0x00000000ec000000,0x00000000f0780000)
 ParOldGen       total 320512K, used 241115K [0x0000000080000000, 0x0000000093900000, 0x00000000d5580000)
  object space 320512K, 75% used [0x0000000080000000,0x000000008eb76e28,0x0000000093900000)
 Metaspace       used 124631K, capacity 134720K, committed 135000K, reserved 1167360K
  class space    used 15928K, capacity 17671K, committed 17792K, reserved 1048576K
Event: 6902.528 GC heap after
Heap after GC invocations=58 (full 5):
 PSYoungGen      total 408576K, used 49971K [0x00000000d5580000, 0x00000000f4380000, 0x0000000100000000)
  eden space 358400K, 0% used [0x00000000d5580000,0x00000000d5580000,0x00000000eb380000)
  from space 50176K, 99% used [0x00000000ec000000,0x00000000ef0cccf8,0x00000000ef100000)
  to   space 73728K, 0% used [0x00000000efb80000,0x00000000efb80000,0x00000000f4380000)
 ParOldGen       total 320512K, used 241351K [0x0000000080000000, 0x0000000093900000, 0x00000000d5580000)
  object space 320512K, 75% used [0x0000000080000000,0x000000008ebb1e38,0x0000000093900000)
 Metaspace       used 124631K, capacity 134720K, committed 135000K, reserved 1167360K
  class space    used 15928K, capacity 17671K, committed 17792K, reserved 1048576K
}
Event: 6903.738 GC heap before
{Heap before GC invocations=59 (full 5):
 PSYoungGen      total 408576K, used 408371K [0x00000000d5580000, 0x00000000f4380000, 0x0000000100000000)
  eden space 358400K, 100% used [0x00000000d5580000,0x00000000eb380000,0x00000000eb380000)
  from space 50176K, 99% used [0x00000000ec000000,0x00000000ef0cccf8,0x00000000ef100000)
  to   space 73728K, 0% used [0x00000000efb80000,0x00000000efb80000,0x00000000f4380000)
 ParOldGen       total 320512K, used 241351K [0x0000000080000000, 0x0000000093900000, 0x00000000d5580000)
  object space 320512K, 75% used [0x0000000080000000,0x000000008ebb1e38,0x0000000093900000)
 Metaspace       used 124650K, capacity 134720K, committed 135000K, reserved 1167360K
  class space    used 15930K, capacity 17671K, committed 17792K, reserved 1048576K
Event: 6903.786 GC heap after
Heap after GC invocations=59 (full 5):
 PSYoungGen      total 430080K, used 54210K [0x00000000d5580000, 0x00000000f6600000, 0x0000000100000000)
  eden space 356352K, 0% used [0x00000000d5580000,0x00000000d5580000,0x00000000eb180000)
  from space 73728K, 73% used [0x00000000efb80000,0x00000000f30709a8,0x00000000f4380000)
  to   space 75776K, 0% used [0x00000000eb180000,0x00000000eb180000,0x00000000efb80000)
 ParOldGen       total 320512K, used 241919K [0x0000000080000000, 0x0000000093900000, 0x00000000d5580000)
  object space 320512K, 75% used [0x0000000080000000,0x000000008ec3fec8,0x0000000093900000)
 Metaspace       used 124650K, capacity 134720K, committed 135000K, reserved 1167360K
  class space    used 15930K, capacity 17671K, committed 17792K, reserved 1048576K
}
Event: 6904.385 GC heap before
{Heap before GC invocations=60 (full 5):
 PSYoungGen      total 430080K, used 410562K [0x00000000d5580000, 0x00000000f6600000, 0x0000000100000000)
  eden space 356352K, 100% used [0x00000000d5580000,0x00000000eb180000,0x00000000eb180000)
  from space 73728K, 73% used [0x00000000efb80000,0x00000000f30709a8,0x00000000f4380000)
  to   space 75776K, 0% used [0x00000000eb180000,0x00000000eb180000,0x00000000efb80000)
 ParOldGen       total 320512K, used 241919K [0x0000000080000000, 0x0000000093900000, 0x00000000d5580000)
  object space 320512K, 75% used [0x0000000080000000,0x000000008ec3fec8,0x0000000093900000)
 Metaspace       used 124663K, capacity 134752K, committed 135000K, reserved 1167360K
  class space    used 15931K, capacity 17703K, committed 17792K, reserved 1048576K
Event: 6904.514 GC heap after
Heap after GC invocations=60 (full 5):
 PSYoungGen      total 432128K, used 42374K [0x00000000d5580000, 0x00000000f7680000, 0x0000000100000000)
  eden space 356352K, 0% used [0x00000000d5580000,0x00000000d5580000,0x00000000eb180000)
  from space 75776K, 55% used [0x00000000eb180000,0x00000000edae1960,0x00000000efb80000)
  to   space 72192K, 0% used [0x00000000f3000000,0x00000000f3000000,0x00000000f7680000)
 ParOldGen       total 320512K, used 242199K [0x0000000080000000, 0x0000000093900000, 0x00000000d5580000)
  object space 320512K, 75% used [0x0000000080000000,0x000000008ec85ef8,0x0000000093900000)
 Metaspace       used 124663K, capacity 134752K, committed 135000K, reserved 1167360K
  class space    used 15931K, capacity 17703K, committed 17792K, reserved 1048576K
}
Event: 6905.034 GC heap before
{Heap before GC invocations=61 (full 5):
 PSYoungGen      total 432128K, used 398726K [0x00000000d5580000, 0x00000000f7680000, 0x0000000100000000)
  eden space 356352K, 100% used [0x00000000d5580000,0x00000000eb180000,0x00000000eb180000)
  from space 75776K, 55% used [0x00000000eb180000,0x00000000edae1960,0x00000000efb80000)
  to   space 72192K, 0% used [0x00000000f3000000,0x00000000f3000000,0x00000000f7680000)
 ParOldGen       total 320512K, used 242199K [0x0000000080000000, 0x0000000093900000, 0x00000000d5580000)
  object space 320512K, 75% used [0x0000000080000000,0x000000008ec85ef8,0x0000000093900000)
 Metaspace       used 124667K, capacity 134752K, committed 135000K, reserved 1167360K
  class space    used 15931K, capacity 17703K, committed 17792K, reserved 1048576K
Event: 6905.217 GC heap after
Heap after GC invocations=61 (full 5):
 PSYoungGen      total 484352K, used 15476K [0x00000000d5580000, 0x00000000f8180000, 0x0000000100000000)
  eden space 412160K, 0% used [0x00000000d5580000,0x00000000d5580000,0x00000000ee800000)
  from space 72192K, 21% used [0x00000000f3000000,0x00000000f3f1d020,0x00000000f7680000)
  to   space 73728K, 0% used [0x00000000ee800000,0x00000000ee800000,0x00000000f3000000)
 ParOldGen       total 320512K, used 263139K [0x0000000080000000, 0x0000000093900000, 0x00000000d5580000)
  object space 320512K, 82% used [0x0000000080000000,0x00000000900f8d50,0x0000000093900000)
 Metaspace       used 124667K, capacity 134752K, committed 135000K, reserved 1167360K
  class space    used 15931K, capacity 17703K, committed 17792K, reserved 1048576K
}
Event: 6939.611 GC heap before
{Heap before GC invocations=62 (full 5):
 PSYoungGen      total 484352K, used 427636K [0x00000000d5580000, 0x00000000f8180000, 0x0000000100000000)
  eden space 412160K, 100% used [0x00000000d5580000,0x00000000ee800000,0x00000000ee800000)
  from space 72192K, 21% used [0x00000000f3000000,0x00000000f3f1d020,0x00000000f7680000)
  to   space 73728K, 0% used [0x00000000ee800000,0x00000000ee800000,0x00000000f3000000)
 ParOldGen       total 320512K, used 263139K [0x0000000080000000, 0x0000000093900000, 0x00000000d5580000)
  object space 320512K, 82% used [0x0000000080000000,0x00000000900f8d50,0x0000000093900000)
 Metaspace       used 124760K, capacity 134888K, committed 135000K, reserved 1167360K
  class space    used 15936K, capacity 17713K, committed 17792K, reserved 1048576K
Event: 6939.647 GC heap after
Heap after GC invocations=62 (full 5):
 PSYoungGen      total 485888K, used 12125K [0x00000000d5580000, 0x00000000fbe00000, 0x0000000100000000)
  eden space 412160K, 0% used [0x00000000d5580000,0x00000000d5580000,0x00000000ee800000)
  from space 73728K, 16% used [0x00000000ee800000,0x00000000ef3d7518,0x00000000f3000000)
  to   space 75264K, 0% used [0x00000000f7480000,0x00000000f7480000,0x00000000fbe00000)
 ParOldGen       total 320512K, used 263603K [0x0000000080000000, 0x0000000093900000, 0x00000000d5580000)
  object space 320512K, 82% used [0x0000000080000000,0x000000009016cf90,0x0000000093900000)
 Metaspace       used 124760K, capacity 134888K, committed 135000K, reserved 1167360K
  class space    used 15936K, capacity 17713K, committed 17792K, reserved 1048576K
}

